<?xml version="1.0" encoding="UTF-8"?>
<!-- Generated by org.testng.reporters.JUnitReportReporter -->
<testsuite hostname="DESKTOP-QVP2J4C" failures="0" tests="1" name="HrmTest.HrmTest.HRM" time="4.818" errors="0" timestamp="2024-05-15T15:19:10 PKT" skipped="0">
  <testcase classname="HrmTest.HrmTest.HRM" name="login" time="4.818"/>
  <system-out/>
</testsuite> <!-- HrmTest.HrmTest.HRM -->
