<?xml version="1.0" encoding="UTF-8"?>
<!-- Generated by org.testng.reporters.JUnitReportReporter -->
<testsuite hostname="DESKTOP-QVP2J4C" failures="0" tests="3" name="HrmTest.HrmTest.HRM" time="29.368" errors="0" timestamp="2024-05-15T21:11:11 PKT" skipped="0">
  <testcase classname="HrmTest.HrmTest.HRM" name="invalidLogin" time="7.466"/>
  <system-out/>
  <testcase classname="HrmTest.HrmTest.HRM" name="loginValid" time="3.481"/>
  <system-out/>
  <testcase classname="HrmTest.HrmTest.HRM" name="addEmployee" time="18.421"/>
  <system-out/>
</testsuite> <!-- HrmTest.HrmTest.HRM -->
