<?xml version="1.0" encoding="UTF-8"?>
<!-- Generated by org.testng.reporters.JUnitReportReporter -->
<testsuite hostname="DESKTOP-QVP2J4C" failures="0" tests="4" name="HrmTest.HrmTest.HRM" time="27.186" errors="0" timestamp="2024-05-15T21:43:42 PKT" skipped="0">
  <testcase classname="HrmTest.HrmTest.HRM" name="invalidLogin" time="2.279"/>
  <system-out/>
  <testcase classname="HrmTest.HrmTest.HRM" name="loginValid" time="3.115"/>
  <system-out/>
  <testcase classname="HrmTest.HrmTest.HRM" name="addEmployee" time="12.314"/>
  <system-out/>
  <testcase classname="HrmTest.HrmTest.HRM" name="searchEmployee" time="9.478"/>
  <system-out/>
</testsuite> <!-- HrmTest.HrmTest.HRM -->
